[2025-06-13T15:55:42.868] [INFO] default - GET /api/products
[2025-06-13T15:58:08.831] [INFO] default - POST /users/login
[2025-06-13T16:00:08.772] [INFO] default - POST /users/register
[2025-06-13T16:00:47.158] [INFO] default - POST /users/login
[2025-06-13T16:03:13.103] [INFO] default - POST /api/carts
[2025-06-13T16:04:20.691] [INFO] default - POST /api/carts/684c75f15ed77c740184f33d/products/680fc30a048e1c155ba1f0f2
[2025-06-13T16:04:38.223] [INFO] default - GET /api/carts/684c75f15ed77c740184f33d
[2025-06-13T16:09:42.271] [INFO] default - POST /api/payments/create-preference
[2025-06-13T16:11:42.562] [INFO] default - POST /api/payments/create-preference
[2025-06-17T23:49:18.740] [INFO] default - GET /
[2025-06-17T23:50:54.570] [INFO] default - POST /api/users/register
[2025-06-17T23:51:47.507] [INFO] default - POST /api/users/login
[2025-06-18T15:50:09.500] [INFO] default - GET /api/api/products
[2025-06-18T15:50:43.659] [INFO] default - GET /api/api/products/%7Bpid%7D
[2025-06-18T15:51:06.367] [INFO] default - GET /api/api/products/category/%7Bcategory%7D
[2025-06-18T15:51:39.862] [INFO] default - POST /api/api/products
[2025-06-18T15:53:18.192] [INFO] default - PUT /api/api/products/%7Bpid%7D
[2025-06-18T15:56:32.135] [INFO] default - POST /api/users/register
[2025-06-18T15:58:43.859] [INFO] default - GET /api/products
[2025-06-18T15:59:15.893] [INFO] default - POST /users/register
[2025-06-24T13:01:34.842] [INFO] default - GET /api/payments
[2025-06-24T15:34:59.834] [INFO] default - GET /api/payments
[2025-06-24T15:35:57.272] [INFO] default - POST /api/payments
[2025-06-24T16:11:45.130] [INFO] default - POST /users/register
[2025-06-24T16:23:00.550] [INFO] default - POST /users/register
[2025-06-24T16:29:59.831] [INFO] default - POST /users/register
[2025-06-24T16:32:02.513] [INFO] default - POST /users/register
[2025-06-24T16:32:02.853] [INFO] default - POST /users/login
[2025-06-24T16:33:23.248] [INFO] default - POST /users/register
[2025-06-24T16:33:55.129] [INFO] default - POST /users/register
[2025-06-24T16:33:55.435] [INFO] default - POST /users/login
[2025-06-24T16:36:44.715] [INFO] default - POST /users/register
[2025-06-24T16:36:45.013] [INFO] default - POST /users/login
[2025-06-24T16:37:56.319] [INFO] default - POST /users/register
[2025-06-24T16:37:56.679] [INFO] default - POST /users/login
[2025-06-24T16:37:56.858] [INFO] default - GET /users/current
[2025-06-24T18:37:32.355] [INFO] default - POST /users/register
[2025-06-24T18:37:32.948] [INFO] default - POST /users/login
[2025-06-24T18:37:33.125] [INFO] default - GET /users/current
[2025-06-24T18:37:33.385] [INFO] default - POST /users/profile-pic
[2025-06-24T18:40:24.610] [INFO] default - POST /users/register
[2025-06-24T18:40:24.913] [INFO] default - POST /users/login
[2025-06-24T18:40:25.054] [INFO] default - GET /users/current
[2025-06-26T15:24:00.619] [INFO] default - POST /users/register
[2025-06-26T15:24:01.018] [INFO] default - POST /users/login
[2025-06-26T15:24:01.161] [INFO] default - GET /users/current
[2025-06-26T15:39:27.742] [INFO] default - POST /users/register
[2025-06-26T15:39:28.077] [INFO] default - POST /users/login
[2025-06-26T15:39:28.239] [INFO] default - GET /users/current
[2025-06-26T15:39:28.321] [INFO] default - POST /users/profile-pic
[2025-06-26T15:40:08.719] [INFO] default - POST /users/register
[2025-06-26T15:40:09.013] [INFO] default - POST /users/login
[2025-06-26T15:40:09.157] [INFO] default - GET /users/current
[2025-06-26T15:40:09.241] [INFO] default - POST /users/profile-pic
[2025-06-26T15:41:30.729] [INFO] default - POST /users/register
[2025-06-26T15:41:31.057] [INFO] default - POST /users/login
[2025-06-26T15:41:31.190] [INFO] default - GET /users/current
[2025-06-26T15:41:31.261] [INFO] default - POST /users/profile-pic
[2025-06-26T15:44:00.658] [INFO] default - POST /users/register
[2025-06-26T15:44:00.938] [INFO] default - POST /users/login
[2025-06-26T15:44:01.024] [INFO] default - GET /users/current
[2025-06-26T15:47:24.366] [INFO] default - POST /users/register
[2025-06-26T15:47:24.715] [INFO] default - POST /users/login
[2025-06-26T15:47:24.864] [INFO] default - GET /users/current
[2025-06-26T15:47:24.967] [INFO] default - POST /users/profile-pic
[2025-06-26T15:52:22.123] [INFO] default - POST /users/register
[2025-06-26T15:52:22.435] [INFO] default - POST /users/login
[2025-06-26T15:52:22.577] [INFO] default - GET /users/current
[2025-06-26T15:52:22.660] [INFO] default - POST /users/profile-pic
[2025-06-26T16:09:31.623] [INFO] default - POST /users/register
[2025-06-26T16:09:31.993] [INFO] default - POST /users/login
[2025-06-26T16:09:32.127] [INFO] default - GET /users/current
[2025-06-26T16:09:32.207] [INFO] default - POST /users/profile-pic
[2025-06-26T16:12:28.869] [INFO] default - POST /users/register
[2025-06-26T16:12:29.184] [INFO] default - POST /users/login
[2025-06-26T16:12:29.323] [INFO] default - GET /users/current
[2025-06-26T16:12:29.413] [INFO] default - POST /users/profile-pic
[2025-06-26T16:18:37.421] [INFO] default - POST /users/register
[2025-06-26T16:18:37.744] [INFO] default - POST /users/login
[2025-06-26T16:18:37.873] [INFO] default - GET /users/current
[2025-06-26T16:18:37.964] [INFO] default - POST /users/profile-pic
[2025-06-26T16:18:38.061] [INFO] default - GET /users/google
[2025-06-26T16:23:26.448] [INFO] default - POST /users/register
[2025-06-26T16:23:26.777] [INFO] default - POST /users/login
[2025-06-26T16:23:26.914] [INFO] default - GET /users/current
[2025-06-26T16:23:26.998] [INFO] default - POST /users/profile-pic
[2025-06-26T16:23:27.078] [INFO] default - GET /users/google
[2025-06-26T16:23:27.122] [INFO] default - GET /users/logout
[2025-06-26T16:26:44.640] [INFO] default - POST /users/register
[2025-06-26T16:26:44.974] [INFO] default - POST /users/login
[2025-06-26T16:26:45.108] [INFO] default - GET /users/current
[2025-06-26T16:26:45.182] [INFO] default - POST /users/profile-pic
[2025-06-26T16:26:45.269] [INFO] default - GET /users/google
[2025-06-26T16:26:45.316] [INFO] default - GET /users/logout
[2025-06-26T16:27:47.944] [INFO] default - POST /users/register
[2025-06-26T16:27:48.291] [INFO] default - POST /users/login
[2025-06-26T16:27:48.448] [INFO] default - GET /users/current
[2025-06-26T16:27:48.530] [INFO] default - POST /users/profile-pic
[2025-06-26T16:27:48.618] [INFO] default - GET /users/google
[2025-06-26T16:27:48.662] [INFO] default - GET /users/logout
[2025-06-26T17:21:15.496] [INFO] default - POST /users/register
[2025-06-26T17:21:15.805] [INFO] default - POST /users/login
[2025-06-26T19:15:37.518] [INFO] default - POST /users/register
[2025-06-26T19:15:37.783] [INFO] default - POST /users/login
[2025-06-26T19:21:50.962] [INFO] default - POST /users/register
[2025-06-26T19:21:51.266] [INFO] default - POST /users/login
[2025-06-26T19:24:38.638] [INFO] default - POST /users/register
[2025-06-26T19:24:38.896] [INFO] default - POST /users/login
[2025-06-26T19:33:37.500] [INFO] default - POST /users/register
[2025-06-26T19:33:37.780] [INFO] default - POST /users/login
[2025-06-26T19:37:05.701] [INFO] default - POST /users/register
[2025-06-26T19:37:05.953] [INFO] default - POST /users/login
[2025-06-26T20:00:40.169] [INFO] default - POST /users/register
[2025-06-26T20:00:40.442] [INFO] default - POST /users/login
[2025-06-26T20:01:50.713] [INFO] default - GET /products
[2025-06-26T20:05:48.003] [INFO] default - GET /api/products
[2025-06-26T20:08:13.399] [INFO] default - GET /api/products
[2025-06-26T20:15:24.082] [INFO] default - GET /api/products
[2025-06-26T20:15:24.217] [INFO] default - GET /api/products/category/:category
[2025-06-26T20:21:34.191] [INFO] default - GET /api/products
[2025-06-26T20:21:34.329] [INFO] default - GET /api/products/category/:category
[2025-06-26T20:21:34.388] [INFO] default - GET /api/products/:pid
[2025-06-26T20:22:21.279] [INFO] default - GET /api/products
[2025-06-26T20:22:21.391] [INFO] default - GET /api/products/category/:category
[2025-06-26T20:22:21.457] [INFO] default - GET /api/products/:pid
[2025-06-26T20:58:27.319] [INFO] default - POST /api/users/register
[2025-06-26T20:58:27.405] [INFO] default - POST /api/users/login
[2025-06-30T15:35:20.115] [INFO] default - POST /api/users/register
[2025-06-30T15:35:20.217] [INFO] default - POST /api/users/login
[2025-06-30T15:49:18.136] [INFO] default - POST /api/users/register
[2025-06-30T15:49:18.226] [INFO] default - POST /api/users/login
[2025-06-30T16:00:44.273] [INFO] default - POST /api/users/register
[2025-06-30T16:00:44.366] [INFO] default - POST /api/users/login
[2025-06-30T16:16:20.845] [INFO] default - POST /api/users/register
[2025-06-30T16:16:20.952] [INFO] default - POST /api/users/login
[2025-07-02T16:50:51.253] [INFO] default - POST /api/users/register
[2025-07-02T16:50:51.451] [INFO] default - POST /api/users/login
[2025-07-02T17:01:17.608] [INFO] default - POST /api/users/register
[2025-07-02T17:01:17.770] [INFO] default - POST /api/users/login
[2025-07-02T17:03:55.542] [INFO] default - POST /api/users/register
[2025-07-02T17:03:55.666] [INFO] default - POST /api/users/login
[2025-07-02T17:28:35.381] [INFO] default - POST /api/users/login
[2025-07-02T17:28:35.476] [INFO] default - POST /api/users/login
[2025-07-02T17:31:22.631] [INFO] default - POST /users/register
[2025-07-02T17:31:22.952] [INFO] default - POST /users/login
[2025-07-02T17:31:23.089] [INFO] default - GET /users/current
[2025-07-02T17:31:23.171] [INFO] default - POST /users/profile-pic
[2025-07-02T17:31:23.274] [INFO] default - GET /users/google
[2025-07-02T17:31:23.321] [INFO] default - GET /users/logout
[2025-07-02T17:31:38.648] [INFO] default - POST /api/users/register
[2025-07-02T17:31:38.772] [INFO] default - POST /api/users/login
[2025-07-02T17:36:06.905] [INFO] default - POST /api/users/register
[2025-07-02T17:36:07.044] [INFO] default - POST /api/users/login
[2025-07-02T19:18:00.524] [INFO] default - POST /api/users/register
[2025-07-02T19:18:00.626] [INFO] default - POST /api/users/login
[2025-07-02T19:24:02.502] [INFO] default - POST /users/register
[2025-07-02T19:24:02.750] [INFO] default - POST /users/login
[2025-07-02T19:24:03.109] [INFO] default - GET /api/products
[2025-07-02T19:24:03.201] [INFO] default - POST /api/products
[2025-07-02T19:24:03.280] [INFO] default - GET /api/products/null
[2025-07-02T19:24:03.382] [INFO] default - GET /api/products/category/Decoraci%C3%B3n
[2025-07-02T19:24:03.457] [INFO] default - PUT /api/products/null
[2025-07-02T19:24:03.535] [INFO] default - DELETE /api/products/null
[2025-07-02T19:28:54.811] [INFO] default - POST /api/users/register
[2025-07-02T19:28:54.911] [INFO] default - POST /api/users/login
[2025-07-02T19:31:39.644] [INFO] default - POST /api/users/register
[2025-07-02T19:31:39.807] [INFO] default - POST /api/users/login
[2025-07-02T19:31:39.868] [INFO] default - GET /api/users/current
[2025-07-02T19:31:40.041] [INFO] default - GET /api/users/google
[2025-07-02T19:32:29.260] [INFO] default - POST /api/users/register
[2025-07-02T19:32:29.482] [INFO] default - POST /api/users/login
[2025-07-02T19:32:29.600] [INFO] default - GET /api/users/current
[2025-07-02T19:32:29.710] [INFO] default - GET /api/users/google
[2025-07-02T19:35:37.912] [INFO] default - POST /users/register
[2025-07-02T19:35:38.214] [INFO] default - POST /users/login
[2025-07-02T19:35:38.354] [INFO] default - GET /users/current
[2025-07-02T19:35:38.441] [INFO] default - POST /users/profile-pic
[2025-07-02T19:35:38.530] [INFO] default - GET /users/google
[2025-07-02T19:35:38.588] [INFO] default - GET /users/logout
[2025-07-02T19:36:45.830] [INFO] default - POST /users/register
[2025-07-02T19:36:46.061] [INFO] default - POST /users/login
[2025-07-02T19:36:46.241] [INFO] default - GET /api/products
[2025-07-02T19:36:46.330] [INFO] default - POST /api/products
[2025-07-02T19:36:46.400] [INFO] default - GET /api/products/null
[2025-07-02T19:36:46.616] [INFO] default - GET /api/products/category/M%C3%BAsica
[2025-07-02T19:36:46.718] [INFO] default - PUT /api/products/null
[2025-07-02T19:36:46.792] [INFO] default - DELETE /api/products/null
[2025-07-02T19:42:56.918] [INFO] default - POST /users/register
[2025-07-02T19:42:57.176] [INFO] default - POST /users/login
[2025-07-02T19:42:57.378] [INFO] default - GET /api/products
[2025-07-02T19:42:57.480] [INFO] default - POST /api/products
[2025-07-02T19:42:57.562] [INFO] default - GET /api/products/null
[2025-07-02T19:42:57.660] [INFO] default - GET /api/products/category/Decoraci%C3%B3n
[2025-07-02T19:42:57.734] [INFO] default - PUT /api/products/null
[2025-07-02T19:42:57.812] [INFO] default - DELETE /api/products/null
[2025-07-02T19:50:59.419] [INFO] default - POST /users/register
[2025-07-02T19:50:59.672] [INFO] default - POST /users/login
[2025-07-02T19:50:59.874] [INFO] default - GET /api/products
[2025-07-02T19:50:59.968] [INFO] default - POST /api/products
[2025-07-02T19:51:00.059] [INFO] default - GET /api/products/null
[2025-07-02T19:51:00.210] [INFO] default - GET /api/products/category/camisetas
[2025-07-02T19:51:00.324] [INFO] default - PUT /api/products/null
[2025-07-02T19:51:00.407] [INFO] default - DELETE /api/products/null
[2025-07-02T19:52:36.594] [INFO] default - POST /users/register
[2025-07-02T19:52:36.810] [INFO] default - POST /users/login
[2025-07-02T19:52:37.040] [INFO] default - GET /api/products
[2025-07-02T19:52:37.131] [INFO] default - POST /api/products
[2025-07-02T19:52:37.210] [INFO] default - GET /api/products/null
[2025-07-02T19:52:37.310] [INFO] default - GET /api/products/category/camisetas
[2025-07-02T19:52:37.380] [INFO] default - PUT /api/products/null
[2025-07-02T19:52:37.453] [INFO] default - DELETE /api/products/null
[2025-07-02T19:54:17.360] [INFO] default - POST /users/register
[2025-07-02T19:54:17.746] [INFO] default - POST /users/login
[2025-07-02T19:54:17.971] [INFO] default - GET /api/products
[2025-07-02T19:54:18.082] [INFO] default - POST /api/products
[2025-07-02T19:54:18.184] [INFO] default - GET /api/products/null
[2025-07-02T19:54:18.273] [INFO] default - GET /api/products/category/camisetas
[2025-07-02T19:54:18.349] [INFO] default - PUT /api/products/null
[2025-07-02T19:54:18.432] [INFO] default - DELETE /api/products/null
[2025-07-02T20:02:51.074] [INFO] default - POST /users/register
[2025-07-02T20:02:51.342] [INFO] default - POST /users/login
[2025-07-02T20:02:51.554] [INFO] default - GET /api/products
[2025-07-02T20:02:51.632] [INFO] default - POST /api/products
[2025-07-02T20:02:51.725] [INFO] default - GET /api/products/6865ba9b4c42a70e8bdcd0c3
[2025-07-02T20:02:51.806] [INFO] default - GET /api/products/category/camisetas
[2025-07-02T20:02:51.875] [INFO] default - PUT /api/products/6865ba9b4c42a70e8bdcd0c3
[2025-07-02T20:02:51.944] [INFO] default - DELETE /api/products/6865ba9b4c42a70e8bdcd0c3
[2025-07-02T20:32:26.114] [INFO] default - POST /users/register
[2025-07-02T20:32:26.398] [INFO] default - POST /users/login
[2025-07-02T20:32:26.631] [INFO] default - GET /api/products
[2025-07-02T20:32:26.725] [INFO] default - POST /api/products
[2025-07-02T20:32:26.831] [INFO] default - GET /api/products/6865c18ac8ecbb1e82c0443d
[2025-07-02T20:32:26.931] [INFO] default - GET /api/products/category/camisetas
[2025-07-02T20:32:27.020] [INFO] default - PUT /api/products/6865c18ac8ecbb1e82c0443d
[2025-07-02T20:32:27.107] [INFO] default - DELETE /api/products/6865c18ac8ecbb1e82c0443d
[2025-07-02T20:42:15.201] [INFO] default - POST /users/register
[2025-07-02T20:42:15.533] [INFO] default - POST /users/login
[2025-07-02T20:42:15.735] [INFO] default - GET /api/products
[2025-07-02T20:42:15.827] [INFO] default - POST /api/products
[2025-07-02T20:42:15.953] [INFO] default - GET /api/products/6865c3d7b162535a5d9ae2cf
[2025-07-02T20:42:16.095] [INFO] default - GET /api/products/category/camisetas
[2025-07-02T20:42:16.202] [INFO] default - PUT /api/products/6865c3d7b162535a5d9ae2cf
[2025-07-02T20:42:16.285] [INFO] default - DELETE /api/products/6865c3d7b162535a5d9ae2cf
[2025-07-02T20:56:52.239] [INFO] default - POST /users/register
[2025-07-02T20:56:52.480] [INFO] default - POST /users/login
[2025-07-02T20:56:52.758] [INFO] default - GET /api/products
[2025-07-02T20:56:52.848] [INFO] default - POST /api/products
[2025-07-02T20:56:52.940] [INFO] default - GET /api/products/6865c7444382bab2440b2e5f
[2025-07-02T20:56:53.023] [INFO] default - GET /api/products/category/camisetas
[2025-07-02T20:56:53.095] [INFO] default - PUT /api/products/6865c7444382bab2440b2e5f
[2025-07-02T20:56:53.173] [INFO] default - DELETE /api/products/6865c7444382bab2440b2e5f
[2025-07-02T21:02:10.791] [INFO] default - POST /users/register
[2025-07-02T21:02:11.079] [INFO] default - POST /users/login
[2025-07-02T21:02:11.266] [INFO] default - GET /api/products
[2025-07-02T21:02:11.366] [INFO] default - POST /api/products
[2025-07-02T21:02:11.488] [INFO] default - GET /api/products/6865c88331197316a81dc8d9
[2025-07-02T21:02:11.580] [INFO] default - GET /api/products/category/camisetas
[2025-07-02T21:02:11.660] [INFO] default - PUT /api/products/6865c88331197316a81dc8d9
[2025-07-02T21:02:11.739] [INFO] default - DELETE /api/products/6865c88331197316a81dc8d9
[2025-07-02T21:09:25.506] [INFO] default - POST /users/register
[2025-07-02T21:09:25.751] [INFO] default - POST /users/login
[2025-07-02T21:09:25.936] [INFO] default - GET /api/products
[2025-07-02T21:09:26.019] [INFO] default - POST /api/products
[2025-07-02T21:09:26.133] [INFO] default - GET /api/products/null
[2025-07-02T21:09:26.222] [INFO] default - GET /api/products/category/camisetas
[2025-07-02T21:09:26.293] [INFO] default - PUT /api/products/null
[2025-07-02T21:09:26.383] [INFO] default - DELETE /api/products/null
[2025-07-02T23:51:34.151] [INFO] default - POST /users/register
[2025-07-02T23:51:34.555] [INFO] default - POST /users/login
[2025-07-02T23:51:34.820] [INFO] default - GET /api/products
[2025-07-02T23:51:34.924] [INFO] default - POST /api/products
[2025-07-02T23:51:35.031] [INFO] default - GET /api/products/null
[2025-07-02T23:51:35.143] [INFO] default - GET /api/products/category/camisetas
[2025-07-02T23:51:35.228] [INFO] default - PUT /api/products/null
[2025-07-02T23:51:35.339] [INFO] default - DELETE /api/products/null
[2025-07-03T09:20:04.681] [INFO] default - POST /users/register
[2025-07-03T09:20:05.105] [INFO] default - POST /users/login
[2025-07-03T09:20:05.387] [INFO] default - GET /api/products
[2025-07-03T09:20:05.687] [INFO] default - POST /api/products
[2025-07-03T09:20:05.795] [INFO] default - GET /api/products/null
[2025-07-03T09:20:05.893] [INFO] default - GET /api/products/category/camisetas
[2025-07-03T09:20:05.975] [INFO] default - PUT /api/products/null
[2025-07-03T09:20:06.066] [INFO] default - DELETE /api/products/null
[2025-07-03T09:27:03.201] [INFO] default - POST /users/register
[2025-07-03T09:27:03.451] [INFO] default - POST /users/login
[2025-07-03T09:27:03.650] [INFO] default - GET /api/products
[2025-07-03T09:27:03.737] [INFO] default - POST /api/products
[2025-07-03T09:27:03.840] [INFO] default - GET /api/products/68667717074211395b942f80
[2025-07-03T09:27:03.936] [INFO] default - GET /api/products/category/camisetas
[2025-07-03T09:27:04.015] [INFO] default - PUT /api/products/68667717074211395b942f80
[2025-07-03T09:27:04.096] [INFO] default - DELETE /api/products/68667717074211395b942f80
[2025-07-03T09:42:28.752] [INFO] default - POST /users/register
[2025-07-03T09:42:29.042] [INFO] default - POST /users/login
[2025-07-03T09:42:29.244] [INFO] default - GET /api/products
[2025-07-03T09:42:29.338] [INFO] default - POST /api/products
[2025-07-03T09:42:29.451] [INFO] default - GET /api/products/68667ab51721561afc711186
[2025-07-03T09:42:29.531] [INFO] default - GET /api/products/category/camisetas
[2025-07-03T09:42:29.604] [INFO] default - PUT /api/products/68667ab51721561afc711186
[2025-07-03T09:42:29.680] [INFO] default - DELETE /api/products/68667ab51721561afc711186
[2025-07-03T09:58:40.482] [INFO] default - POST /users/register
[2025-07-03T09:58:40.731] [INFO] default - POST /users/login
[2025-07-03T09:58:40.945] [INFO] default - GET /api/products
[2025-07-03T09:58:41.039] [INFO] default - POST /api/products
[2025-07-03T09:58:41.182] [INFO] default - GET /api/products/68667e8198468f276c881d5f
[2025-07-03T09:58:41.276] [INFO] default - GET /api/products/category/camisetas
[2025-07-03T09:58:41.354] [INFO] default - PUT /api/products/68667e8198468f276c881d5f
[2025-07-03T09:58:41.428] [INFO] default - DELETE /api/products/68667e8198468f276c881d5f
[2025-07-03T11:03:41.357] [INFO] default - POST /users/register
[2025-07-03T11:03:41.638] [INFO] default - POST /users/login
[2025-07-03T11:03:41.822] [INFO] default - POST /api/products
[2025-07-03T11:10:22.327] [INFO] default - POST /users/register
[2025-07-03T11:10:22.571] [INFO] default - POST /users/login
[2025-07-03T11:10:22.744] [INFO] default - POST /api/products
[2025-07-03T11:10:22.842] [INFO] default - POST /api/carts
[2025-07-03T11:10:22.934] [INFO] default - GET /api/carts/:cid
[2025-07-03T11:18:42.503] [INFO] default - POST /users/register
[2025-07-03T11:18:42.757] [INFO] default - POST /users/login
[2025-07-03T11:18:42.930] [INFO] default - POST /api/products
[2025-07-03T11:18:43.017] [INFO] default - POST /api/carts
[2025-07-03T11:18:43.093] [INFO] default - POST /api/carts
[2025-07-03T11:18:43.181] [INFO] default - GET /api/carts/undefined
[2025-07-03T11:27:12.354] [INFO] default - POST /users/register
[2025-07-03T11:27:12.680] [INFO] default - POST /users/login
[2025-07-03T11:27:12.860] [INFO] default - POST /api/products
[2025-07-03T11:27:12.949] [INFO] default - POST /api/carts
[2025-07-03T11:30:21.323] [INFO] default - POST /users/register
[2025-07-03T11:30:21.551] [INFO] default - POST /users/login
[2025-07-03T11:30:21.741] [INFO] default - POST /api/products
[2025-07-03T11:30:21.836] [INFO] default - POST /api/carts
[2025-07-03T11:30:22.050] [INFO] default - POST /api/carts
[2025-07-03T11:30:22.264] [INFO] default - GET /api/carts/686693fe29d25ea8ccb676fa
[2025-07-03T11:38:45.723] [INFO] default - POST /users/register
[2025-07-03T11:38:45.947] [INFO] default - POST /users/login
[2025-07-03T11:38:46.118] [INFO] default - POST /api/products
[2025-07-03T11:38:46.188] [INFO] default - POST /api/carts
[2025-07-03T11:38:46.265] [INFO] default - POST /api/carts
[2025-07-03T11:38:46.354] [INFO] default - GET /api/carts/686695f65ced5703b27a3338
[2025-07-03T11:38:46.449] [INFO] default - POST /api/carts/686695f65ced5703b27a3338/products/undefined
[2025-07-03T11:43:41.272] [INFO] default - POST /users/register
[2025-07-03T11:43:41.491] [INFO] default - POST /users/login
[2025-07-03T11:43:41.675] [INFO] default - POST /api/products
[2025-07-03T11:43:41.755] [INFO] default - POST /api/carts
[2025-07-03T11:43:41.850] [INFO] default - POST /api/carts
[2025-07-03T11:43:41.963] [INFO] default - GET /api/carts/6866971d328e93eabea231d4
[2025-07-03T11:43:42.072] [INFO] default - POST /api/carts/6866971d328e93eabea231d4/products/undefined
[2025-07-03T11:43:42.162] [INFO] default - PUT /api/carts/6866971d328e93eabea231d4
[2025-07-03T11:51:16.292] [INFO] default - POST /users/register
[2025-07-03T11:51:16.577] [INFO] default - POST /users/login
[2025-07-03T11:51:16.786] [INFO] default - POST /api/products
[2025-07-03T11:51:16.859] [INFO] default - POST /api/carts
[2025-07-03T11:51:16.940] [INFO] default - POST /api/carts
[2025-07-03T11:51:17.030] [INFO] default - GET /api/carts/686698e4523d40873be7671e
[2025-07-03T11:51:17.121] [INFO] default - POST /api/carts/686698e4523d40873be7671e/products/undefined
[2025-07-03T11:51:17.205] [INFO] default - PUT /api/carts/686698e4523d40873be7671e
[2025-07-03T11:52:53.847] [INFO] default - POST /users/register
[2025-07-03T11:52:54.121] [INFO] default - POST /users/login
[2025-07-03T11:52:54.306] [INFO] default - POST /api/products
[2025-07-03T11:52:54.373] [INFO] default - POST /api/carts
[2025-07-03T11:52:54.445] [INFO] default - POST /api/carts
[2025-07-03T11:52:54.535] [INFO] default - GET /api/carts/68669946ff30d5d2e0f05886
[2025-07-03T11:52:54.626] [INFO] default - POST /api/carts/68669946ff30d5d2e0f05886/products/undefined
[2025-07-03T11:52:54.708] [INFO] default - PUT /api/carts/68669946ff30d5d2e0f05886
[2025-07-03T11:54:50.897] [INFO] default - POST /users/register
[2025-07-03T11:54:51.285] [INFO] default - POST /users/login
[2025-07-03T11:54:51.488] [INFO] default - POST /api/products
[2025-07-03T11:54:51.574] [INFO] default - POST /api/carts
[2025-07-03T11:54:51.657] [INFO] default - POST /api/carts
[2025-07-03T11:54:51.751] [INFO] default - GET /api/carts/686699bba0a07612862c00ae
[2025-07-03T11:54:51.841] [INFO] default - POST /api/carts/686699bba0a07612862c00ae/products/undefined
[2025-07-03T11:54:51.930] [INFO] default - PUT /api/carts/686699bba0a07612862c00ae
[2025-07-03T11:56:16.561] [INFO] default - POST /users/register
[2025-07-03T11:56:16.795] [INFO] default - POST /users/login
[2025-07-03T11:56:16.966] [INFO] default - POST /api/products
[2025-07-03T11:56:17.036] [INFO] default - POST /api/carts
[2025-07-03T11:56:17.206] [INFO] default - POST /api/carts
[2025-07-03T11:56:17.300] [INFO] default - GET /api/carts/68669a113d969ed88e253228
[2025-07-03T11:56:17.384] [INFO] default - POST /api/carts/68669a113d969ed88e253228/products/undefined
[2025-07-03T11:56:17.463] [INFO] default - PUT /api/carts/68669a113d969ed88e253228
[2025-07-03T12:04:00.677] [INFO] default - POST /users/register
[2025-07-03T12:04:00.968] [INFO] default - POST /users/login
[2025-07-03T12:04:01.169] [INFO] default - POST /api/products
[2025-07-03T12:04:01.240] [INFO] default - POST /api/carts
[2025-07-03T12:04:01.320] [INFO] default - POST /api/carts
[2025-07-03T12:04:01.403] [INFO] default - GET /api/carts/68669be1409b5f8877073546
[2025-07-03T12:04:01.492] [INFO] default - POST /api/carts/68669be1409b5f8877073546/products/undefined
[2025-07-03T12:04:01.577] [INFO] default - PUT /api/carts/68669be1409b5f8877073546
[2025-07-03T12:05:52.709] [INFO] default - POST /users/register
[2025-07-03T12:05:53.020] [INFO] default - POST /users/login
[2025-07-03T12:05:53.211] [INFO] default - POST /api/products
[2025-07-03T12:05:53.280] [INFO] default - POST /api/carts
[2025-07-03T12:05:53.363] [INFO] default - POST /api/carts
[2025-07-03T12:05:53.450] [INFO] default - GET /api/carts/68669c5159fdea4b1004315d
[2025-07-03T12:05:53.540] [INFO] default - POST /api/carts/68669c5159fdea4b1004315d/products/undefined
[2025-07-03T12:05:53.619] [INFO] default - PUT /api/carts/68669c5159fdea4b1004315d
[2025-07-03T13:05:42.979] [INFO] default - POST /users/register
[2025-07-03T13:05:43.316] [INFO] default - POST /users/login
[2025-07-03T13:05:43.605] [INFO] default - POST /api/products
[2025-07-03T13:05:43.682] [INFO] default - POST /api/carts
[2025-07-03T13:05:43.764] [INFO] default - POST /api/carts
[2025-07-03T13:05:43.855] [INFO] default - GET /api/carts/6866aa57ccc67c63c65c7b65
[2025-07-03T13:05:43.937] [INFO] default - POST /api/carts/6866aa57ccc67c63c65c7b65/products/undefined
[2025-07-03T13:05:44.022] [INFO] default - PUT /api/carts/6866aa57ccc67c63c65c7b65
[2025-07-03T15:00:17.758] [INFO] default - POST /users/register
[2025-07-03T15:00:17.999] [INFO] default - POST /users/login
[2025-07-03T15:00:18.190] [INFO] default - POST /api/products
[2025-07-03T15:00:46.530] [INFO] default - POST /users/register
[2025-07-03T15:00:46.749] [INFO] default - POST /users/login
[2025-07-03T15:00:46.930] [INFO] default - POST /api/products
[2025-07-03T15:00:47.016] [INFO] default - POST /api/carts
[2025-07-03T15:00:47.116] [INFO] default - POST /api/carts
[2025-07-03T15:00:47.195] [INFO] default - GET /api/carts/6866c54f4d10eda1c7225ad5
[2025-07-03T15:00:47.277] [INFO] default - POST /api/carts/6866c54f4d10eda1c7225ad5/products/undefined
[2025-07-03T15:00:47.363] [INFO] default - PUT /api/carts/6866c54f4d10eda1c7225ad5
[2025-07-03T15:01:56.094] [INFO] default - POST /users/register
[2025-07-03T15:01:56.391] [INFO] default - POST /users/login
[2025-07-03T15:01:56.580] [INFO] default - POST /api/products
[2025-07-03T15:04:41.576] [INFO] default - POST /users/register
[2025-07-03T15:04:41.801] [INFO] default - POST /users/login
[2025-07-03T15:04:41.981] [INFO] default - POST /api/products
[2025-07-03T15:04:42.052] [INFO] default - POST /api/carts
[2025-07-03T15:04:42.128] [INFO] default - POST /api/carts
[2025-07-03T15:04:42.208] [INFO] default - GET /api/carts/6866c63a96113d551e623cff
[2025-07-03T15:04:42.294] [INFO] default - POST /api/carts/6866c63a96113d551e623cff/products/undefined
[2025-07-03T15:04:42.379] [INFO] default - PUT /api/carts/6866c63a96113d551e623cff
[2025-07-03T15:08:55.724] [INFO] default - POST /users/register
[2025-07-03T15:08:56.036] [INFO] default - POST /users/login
[2025-07-03T15:08:56.251] [INFO] default - POST /api/products
[2025-07-03T15:08:56.333] [INFO] default - POST /api/carts
[2025-07-03T15:08:56.435] [INFO] default - POST /api/carts
[2025-07-03T15:08:56.532] [INFO] default - GET /api/carts/6866c738629188ecbe26bee2
[2025-07-03T15:08:56.632] [INFO] default - POST /api/carts/6866c738629188ecbe26bee2/products/undefined
[2025-07-03T15:08:56.758] [INFO] default - PUT /api/carts/6866c738629188ecbe26bee2
[2025-07-03T15:15:46.119] [INFO] default - POST /users/register
[2025-07-03T15:15:46.364] [INFO] default - POST /users/login
[2025-07-03T15:15:46.559] [INFO] default - POST /api/products
[2025-07-03T15:15:46.632] [INFO] default - POST /api/carts
[2025-07-03T15:15:46.717] [INFO] default - POST /api/carts
[2025-07-03T15:15:46.797] [INFO] default - GET /api/carts/6866c8d28f4300eb75169c55
[2025-07-03T15:15:46.891] [INFO] default - POST /api/carts/6866c8d28f4300eb75169c55/products/undefined
[2025-07-03T15:15:46.984] [INFO] default - PUT /api/carts/6866c8d28f4300eb75169c55
[2025-07-03T18:11:36.431] [INFO] default - POST /users/register
[2025-07-03T18:11:36.731] [INFO] default - POST /users/login
[2025-07-03T18:11:36.979] [INFO] default - POST /api/products
[2025-07-03T18:11:37.059] [INFO] default - POST /api/carts
[2025-07-03T18:11:37.154] [INFO] default - POST /api/carts
[2025-07-03T18:11:37.246] [INFO] default - GET /api/carts/6866f209a6807b0d705ff806
[2025-07-03T18:11:37.338] [INFO] default - POST /api/carts/6866f209a6807b0d705ff806/products/undefined
[2025-07-03T18:11:37.442] [INFO] default - PUT /api/carts/6866f209a6807b0d705ff806
[2025-07-03T18:12:56.002] [INFO] default - POST /users/register
[2025-07-03T18:12:56.218] [INFO] default - POST /users/login
[2025-07-03T18:12:56.406] [INFO] default - POST /api/products
[2025-07-03T18:12:56.481] [INFO] default - POST /api/carts
[2025-07-03T18:12:56.554] [INFO] default - POST /api/carts
[2025-07-03T18:12:56.623] [INFO] default - GET /api/carts/6866f258e2ca46a7382df379
[2025-07-03T18:12:56.707] [INFO] default - POST /api/carts/6866f258e2ca46a7382df379/products/undefined
[2025-07-03T18:12:56.788] [INFO] default - PUT /api/carts/6866f258e2ca46a7382df379
[2025-07-03T18:23:47.120] [INFO] default - POST /users/register
[2025-07-03T18:23:47.378] [INFO] default - POST /users/login
[2025-07-03T18:23:47.561] [INFO] default - POST /api/products
[2025-07-03T18:24:45.809] [INFO] default - POST /users/register
[2025-07-03T18:24:46.106] [INFO] default - POST /users/login
[2025-07-03T18:24:46.290] [INFO] default - POST /api/products
[2025-07-03T18:24:46.359] [INFO] default - POST /api/carts
[2025-07-03T18:24:46.445] [INFO] default - POST /api/carts
[2025-07-03T18:24:46.522] [INFO] default - GET /api/carts/6866f51ed1d66b637a123d26
[2025-07-03T18:24:46.606] [INFO] default - POST /api/carts/6866f51ed1d66b637a123d26/products/undefined
[2025-07-03T18:24:46.713] [INFO] default - PUT /api/carts/6866f51ed1d66b637a123d26
[2025-07-03T18:34:28.331] [INFO] default - POST /users/register
[2025-07-03T18:34:28.563] [INFO] default - POST /users/login
[2025-07-03T18:34:28.741] [INFO] default - POST /api/products
[2025-07-03T18:34:28.817] [INFO] default - POST /api/carts
[2025-07-03T18:34:28.912] [INFO] default - POST /api/carts
[2025-07-03T18:34:28.991] [INFO] default - GET /api/carts/6866f764196e77b2c991ab13
[2025-07-03T18:34:29.084] [INFO] default - POST /api/carts/6866f764196e77b2c991ab13/products/undefined
[2025-07-03T18:34:29.187] [INFO] default - PUT /api/carts/6866f764196e77b2c991ab13
[2025-07-03T18:34:29.278] [INFO] default - PUT /api/carts/6866f764196e77b2c991ab13/products/undefined
[2025-07-03T19:56:17.648] [INFO] default - POST /users/register
[2025-07-03T19:56:17.976] [INFO] default - POST /users/login
[2025-07-03T19:56:18.168] [INFO] default - POST /api/products
[2025-07-03T19:56:18.245] [INFO] default - POST /api/carts
[2025-07-03T19:56:18.336] [INFO] default - POST /api/carts
[2025-07-03T19:56:18.411] [INFO] default - GET /api/carts/68670a927762249b4ff1ef49
[2025-07-03T19:56:18.507] [INFO] default - POST /api/carts/68670a927762249b4ff1ef49/products/undefined
[2025-07-03T19:56:18.604] [INFO] default - PUT /api/carts/68670a927762249b4ff1ef49
[2025-07-03T19:56:18.700] [INFO] default - PUT /api/carts/68670a927762249b4ff1ef49/products/undefined
[2025-07-03T20:03:30.693] [INFO] default - POST /users/register
[2025-07-03T20:03:30.971] [INFO] default - POST /users/login
[2025-07-03T20:03:31.160] [INFO] default - POST /api/products
[2025-07-03T20:03:31.233] [INFO] default - POST /api/carts
[2025-07-03T20:03:31.324] [INFO] default - POST /api/carts
[2025-07-03T20:03:31.439] [INFO] default - GET /api/carts/68670c43a6078e00b92dab31
[2025-07-03T20:03:31.527] [INFO] default - POST /api/carts/68670c43a6078e00b92dab31/products/undefined
[2025-07-03T20:03:31.662] [INFO] default - PUT /api/carts/68670c43a6078e00b92dab31
[2025-07-03T20:03:31.778] [INFO] default - PUT /api/carts/68670c43a6078e00b92dab31/products/undefined
[2025-07-03T20:06:06.317] [INFO] default - POST /users/register
[2025-07-03T20:06:06.557] [INFO] default - POST /users/login
[2025-07-03T20:06:06.726] [INFO] default - POST /api/products
[2025-07-03T20:06:06.801] [INFO] default - POST /api/carts
[2025-07-03T20:06:06.882] [INFO] default - POST /api/carts
[2025-07-03T20:06:06.983] [INFO] default - GET /api/carts/68670cdefa6cae02852f9e5b
[2025-07-03T20:06:07.076] [INFO] default - POST /api/carts/68670cdefa6cae02852f9e5b/products/undefined
[2025-07-03T20:06:07.196] [INFO] default - PUT /api/carts/68670cdefa6cae02852f9e5b
[2025-07-03T20:06:07.392] [INFO] default - PUT /api/carts/68670cdefa6cae02852f9e5b/products/undefined
[2025-07-03T20:07:18.604] [INFO] default - POST /users/register
[2025-07-03T20:07:18.844] [INFO] default - POST /users/login
[2025-07-03T20:07:19.055] [INFO] default - POST /api/products
[2025-07-03T20:07:19.136] [INFO] default - POST /api/carts
[2025-07-03T20:07:19.226] [INFO] default - POST /api/carts
[2025-07-03T20:07:19.300] [INFO] default - GET /api/carts/68670d273ca324b878253b72
[2025-07-03T20:07:19.381] [INFO] default - POST /api/carts/68670d273ca324b878253b72/products/undefined
[2025-07-03T20:07:19.465] [INFO] default - PUT /api/carts/68670d273ca324b878253b72
[2025-07-03T20:07:19.544] [INFO] default - PUT /api/carts/68670d273ca324b878253b72/products/undefined
[2025-07-03T20:09:20.951] [INFO] default - POST /users/register
[2025-07-03T20:09:21.240] [INFO] default - POST /users/login
[2025-07-03T20:09:21.435] [INFO] default - POST /api/products
[2025-07-03T20:09:21.522] [INFO] default - POST /api/carts
[2025-07-03T20:09:21.603] [INFO] default - POST /api/carts
[2025-07-03T20:09:21.689] [INFO] default - GET /api/carts/68670da120af830414e4f0ba
[2025-07-03T20:09:21.776] [INFO] default - POST /api/carts/68670da120af830414e4f0ba/products/undefined
[2025-07-03T20:09:21.860] [INFO] default - PUT /api/carts/68670da120af830414e4f0ba
[2025-07-03T20:24:05.098] [INFO] default - POST /users/register
[2025-07-03T20:24:05.368] [INFO] default - POST /users/login
[2025-07-03T20:24:05.572] [INFO] default - POST /api/products
[2025-07-03T20:24:05.646] [INFO] default - POST /api/carts
[2025-07-03T20:24:05.744] [INFO] default - POST /api/carts
[2025-07-03T20:24:05.815] [INFO] default - GET /api/carts/68671115848f36ee50aff0a5
[2025-07-03T20:24:05.900] [INFO] default - POST /api/carts/68671115848f36ee50aff0a5/products/undefined
[2025-07-03T20:24:55.500] [INFO] default - POST /users/register
[2025-07-03T20:24:55.732] [INFO] default - POST /users/login
[2025-07-03T20:24:55.931] [INFO] default - POST /api/products
[2025-07-03T20:24:56.002] [INFO] default - POST /api/carts
[2025-07-03T20:24:56.093] [INFO] default - POST /api/carts
[2025-07-03T20:24:56.164] [INFO] default - GET /api/carts/686711484012a2c90f302483
[2025-07-03T20:24:56.246] [INFO] default - POST /api/carts/686711484012a2c90f302483/products/undefined
[2025-07-03T20:29:30.810] [INFO] default - POST /users/register
[2025-07-03T20:29:31.086] [INFO] default - POST /users/login
[2025-07-03T20:29:31.282] [INFO] default - POST /api/products
[2025-07-03T20:29:31.354] [INFO] default - POST /api/carts
[2025-07-03T20:29:31.433] [INFO] default - POST /api/carts
[2025-07-03T20:29:31.517] [INFO] default - GET /api/carts/6867125bb6ec6d976f7d8214
[2025-07-03T20:29:31.603] [INFO] default - POST /api/carts/6867125bb6ec6d976f7d8214/products/undefined
[2025-07-03T20:29:31.700] [INFO] default - PUT /api/carts/6867125bb6ec6d976f7d8214
[2025-07-03T20:40:59.750] [INFO] default - POST /users/register
[2025-07-03T20:41:00.073] [INFO] default - POST /users/login
[2025-07-03T20:41:00.282] [INFO] default - POST /api/products
[2025-07-03T20:41:00.370] [INFO] default - POST /api/carts
[2025-07-03T20:41:00.445] [INFO] default - POST /api/carts
[2025-07-03T20:41:00.532] [INFO] default - GET /api/carts/6867150c20b2b6d1bc382d28
[2025-07-03T20:41:00.630] [INFO] default - POST /api/carts/6867150c20b2b6d1bc382d28/products/undefined
[2025-07-03T20:41:00.733] [INFO] default - PUT /api/carts/6867150c20b2b6d1bc382d28
[2025-07-03T21:04:21.386] [INFO] default - POST /users/register
[2025-07-03T21:04:21.726] [INFO] default - POST /users/login
[2025-07-03T21:04:21.936] [INFO] default - POST /api/products
[2025-07-03T21:04:22.046] [INFO] default - POST /api/carts
[2025-07-03T21:04:22.140] [INFO] default - POST /api/carts
[2025-07-03T21:04:22.262] [INFO] default - GET /api/carts/undefined
[2025-07-03T21:04:22.392] [INFO] default - POST /api/carts/undefined/products/68671a8597772897ef313c24
[2025-07-03T21:04:22.478] [INFO] default - PUT /api/carts/undefined
[2025-07-03T21:05:24.045] [INFO] default - POST /users/register
[2025-07-03T21:05:24.244] [INFO] default - POST /users/login
[2025-07-03T21:05:24.423] [INFO] default - POST /api/products
[2025-07-03T21:05:24.523] [INFO] default - POST /api/carts
[2025-07-03T21:05:24.607] [INFO] default - POST /api/carts
[2025-07-03T21:05:24.685] [INFO] default - GET /api/carts/undefined
[2025-07-03T21:05:24.754] [INFO] default - POST /api/carts/undefined/products/68671ac45032edea60cffdbf
[2025-07-03T21:05:24.836] [INFO] default - PUT /api/carts/undefined
[2025-07-03T22:49:16.099] [INFO] default - POST /users/register
[2025-07-03T22:49:16.397] [INFO] default - POST /users/login
[2025-07-03T22:49:16.570] [INFO] default - POST /users/register
[2025-07-03T22:49:16.703] [INFO] default - POST /users/login
[2025-07-03T22:49:16.858] [INFO] default - POST /api/products
[2025-07-03T22:49:16.960] [INFO] default - POST /api/carts
[2025-07-03T22:49:17.034] [INFO] default - POST /api/carts
[2025-07-03T22:49:17.104] [INFO] default - GET /api/carts/undefined
[2025-07-03T22:49:17.172] [INFO] default - POST /api/carts/undefined/products/6867331c72d84f1f45cf9f19
[2025-07-03T22:49:17.253] [INFO] default - PUT /api/carts/undefined
[2025-07-03T22:53:52.404] [INFO] default - POST /users/register
[2025-07-03T22:53:52.674] [INFO] default - POST /users/login
[2025-07-03T22:53:52.832] [INFO] default - POST /users/register
[2025-07-03T22:53:52.927] [INFO] default - POST /users/login
[2025-07-03T22:53:53.086] [INFO] default - POST /api/products
[2025-07-03T22:53:53.202] [INFO] default - POST /api/carts
[2025-07-03T22:53:53.283] [INFO] default - POST /api/carts
[2025-07-03T22:53:53.362] [INFO] default - GET /api/carts/undefined
[2025-07-03T22:53:53.429] [INFO] default - POST /api/carts/undefined/products/6867343156d345122837a5dd
[2025-07-03T22:53:53.515] [INFO] default - PUT /api/carts/undefined
[2025-07-03T23:08:16.282] [INFO] default - POST /users/register
[2025-07-03T23:08:16.669] [INFO] default - POST /users/login
[2025-07-03T23:08:16.859] [INFO] default - POST /users/register
[2025-07-03T23:08:16.978] [INFO] default - POST /users/login
[2025-07-03T23:08:17.140] [INFO] default - POST /api/products
[2025-07-03T23:08:17.247] [INFO] default - POST /api/carts
[2025-07-03T23:08:17.325] [INFO] default - POST /api/carts
[2025-07-03T23:08:17.403] [INFO] default - GET /api/carts/undefined
[2025-07-03T23:08:17.475] [INFO] default - POST /api/carts/undefined/products/6867379161b8065f96eee2eb
[2025-07-03T23:08:17.556] [INFO] default - PUT /api/carts/undefined
[2025-07-03T23:44:26.720] [INFO] default - POST /users/register
[2025-07-03T23:44:27.019] [INFO] default - POST /users/login
[2025-07-03T23:44:27.235] [INFO] default - POST /users/register
[2025-07-03T23:44:27.362] [INFO] default - POST /users/login
[2025-07-03T23:44:27.516] [INFO] default - POST /api/products
[2025-07-03T23:44:27.621] [INFO] default - POST /api/carts
[2025-07-03T23:44:27.698] [INFO] default - POST /api/carts
[2025-07-03T23:44:27.782] [INFO] default - GET /api/carts/undefined
[2025-07-03T23:44:27.849] [INFO] default - POST /api/carts/undefined/products/6867400b84b34f6d01529565
[2025-07-03T23:44:27.929] [INFO] default - PUT /api/carts/undefined
[2025-07-03T23:51:43.125] [INFO] default - POST /users/register
[2025-07-03T23:51:43.379] [INFO] default - POST /users/login
[2025-07-03T23:51:43.561] [INFO] default - POST /api/products
[2025-07-03T23:51:43.669] [INFO] default - POST /users/register
[2025-07-03T23:51:43.788] [INFO] default - POST /users/login
[2025-07-03T23:51:43.987] [INFO] default - POST /api/carts
[2025-07-03T23:51:44.091] [INFO] default - POST /api/carts
[2025-07-03T23:51:44.170] [INFO] default - GET /api/carts/undefined
[2025-07-03T23:51:44.265] [INFO] default - POST /api/carts/undefined/products/686741bff94caaeb9bd01ffc
[2025-07-03T23:51:44.367] [INFO] default - PUT /api/carts/undefined
[2025-07-04T00:07:34.718] [INFO] default - POST /users/register
[2025-07-04T00:07:34.998] [INFO] default - POST /users/login
[2025-07-04T00:07:35.205] [INFO] default - POST /api/products
[2025-07-04T00:07:35.279] [INFO] default - POST /api/carts
[2025-07-04T00:07:35.365] [INFO] default - POST /api/carts
[2025-07-04T00:07:35.454] [INFO] default - GET /api/carts/686745774bfb88836e29665b
[2025-07-04T00:07:35.538] [INFO] default - POST /api/carts/686745774bfb88836e29665b/products/undefined
[2025-07-04T00:07:35.630] [INFO] default - PUT /api/carts/686745774bfb88836e29665b
[2025-07-04T00:12:02.963] [INFO] default - POST /users/register
[2025-07-04T00:12:03.312] [INFO] default - POST /users/login
[2025-07-04T00:12:03.613] [INFO] default - POST /api/products
[2025-07-04T00:12:03.723] [INFO] default - POST /api/carts
[2025-07-04T00:12:03.830] [INFO] default - POST /api/carts
[2025-07-04T00:12:03.951] [INFO] default - GET /api/carts/6867468377f100bf8ce7f203
[2025-07-04T00:12:04.060] [INFO] default - POST /api/carts/6867468377f100bf8ce7f203/products/undefined
[2025-07-04T00:12:04.156] [INFO] default - PUT /api/carts/6867468377f100bf8ce7f203
[2025-07-04T00:16:39.131] [INFO] default - POST /users/register
[2025-07-04T00:16:39.373] [INFO] default - POST /users/login
[2025-07-04T00:16:39.537] [INFO] default - POST /api/products
[2025-07-04T00:16:39.605] [INFO] default - POST /api/carts
[2025-07-04T00:16:39.684] [INFO] default - POST /api/carts
[2025-07-04T00:16:39.768] [INFO] default - GET /api/carts/686747973c1806ff99d3a798
[2025-07-04T00:16:39.852] [INFO] default - POST /api/carts/686747973c1806ff99d3a798/products/undefined
[2025-07-04T00:16:39.946] [INFO] default - PUT /api/carts/686747973c1806ff99d3a798
[2025-07-04T00:20:31.079] [INFO] default - POST /users/register
[2025-07-04T00:20:31.621] [INFO] default - POST /users/login
[2025-07-04T00:20:31.814] [INFO] default - GET /api/products
[2025-07-04T00:20:31.970] [INFO] default - POST /api/products
[2025-07-04T00:20:32.143] [INFO] default - GET /api/products/68674880350d747cbba6ac29
[2025-07-04T00:20:32.229] [INFO] default - GET /api/products/category/camisetas
[2025-07-04T00:20:32.308] [INFO] default - PUT /api/products/68674880350d747cbba6ac29
[2025-07-04T00:20:32.381] [INFO] default - DELETE /api/products/68674880350d747cbba6ac29
[2025-07-04T09:23:44.407] [INFO] default - POST /users/register
[2025-07-04T09:23:44.887] [INFO] default - POST /users/login
[2025-07-04T09:23:45.241] [INFO] default - POST /api/products
[2025-07-04T09:23:45.351] [INFO] default - POST /api/carts
[2025-07-04T09:23:45.486] [INFO] default - POST /api/carts
[2025-07-04T09:23:45.686] [INFO] default - GET /api/carts/6867c7d10c42a8c788c69021
[2025-07-04T09:23:46.129] [INFO] default - POST /api/carts/6867c7d10c42a8c788c69021/products/undefined
[2025-07-04T09:23:46.619] [INFO] default - PUT /api/carts/6867c7d10c42a8c788c69021
[2025-07-04T09:28:38.488] [INFO] default - POST /users/register
[2025-07-04T09:28:38.878] [INFO] default - POST /users/login
[2025-07-04T09:28:39.251] [INFO] default - POST /api/products
[2025-07-04T09:28:39.362] [INFO] default - POST /api/carts
[2025-07-04T09:28:39.480] [INFO] default - POST /api/carts
[2025-07-04T09:28:39.602] [INFO] default - GET /api/carts/6867c8f7d93d582702a2c29e
[2025-07-04T09:28:39.717] [INFO] default - POST /api/carts/6867c8f7d93d582702a2c29e/products/undefined
[2025-07-04T09:28:39.856] [INFO] default - PUT /api/carts/6867c8f7d93d582702a2c29e
[2025-07-04T09:32:10.315] [INFO] default - POST /users/register
[2025-07-04T09:32:10.677] [INFO] default - POST /users/login
[2025-07-04T09:32:10.930] [INFO] default - POST /api/products
[2025-07-04T09:32:11.044] [INFO] default - POST /api/carts
[2025-07-04T09:32:11.151] [INFO] default - POST /api/carts
[2025-07-04T09:32:11.267] [INFO] default - GET /api/carts/6867c9cbf5c280ae1dc15f5a
[2025-07-04T09:32:11.384] [INFO] default - POST /api/carts/6867c9cbf5c280ae1dc15f5a/products/undefined
[2025-07-04T09:32:11.535] [INFO] default - PUT /api/carts/6867c9cbf5c280ae1dc15f5a
[2025-07-04T09:33:10.002] [INFO] default - POST /users/register
[2025-07-04T09:33:10.320] [INFO] default - POST /users/login
[2025-07-04T09:33:10.592] [INFO] default - POST /api/products
[2025-07-04T09:33:10.724] [INFO] default - POST /api/carts
[2025-07-04T09:33:10.876] [INFO] default - POST /api/carts
[2025-07-04T09:33:11.009] [INFO] default - GET /api/carts/6867ca064ad9f15ec35dd5fe
[2025-07-04T09:33:11.131] [INFO] default - POST /api/carts/6867ca064ad9f15ec35dd5fe/products/undefined
[2025-07-04T09:33:11.338] [INFO] default - PUT /api/carts/6867ca064ad9f15ec35dd5fe
[2025-07-04T09:34:21.176] [INFO] default - POST /users/register
[2025-07-04T09:34:21.483] [INFO] default - POST /users/login
[2025-07-04T09:34:21.720] [INFO] default - POST /api/products
[2025-07-04T09:34:21.827] [INFO] default - POST /api/carts
[2025-07-04T09:34:21.937] [INFO] default - POST /api/carts
[2025-07-04T09:34:22.057] [INFO] default - GET /api/carts/6867ca4d8c0fc88cff3cd394
[2025-07-04T09:34:22.179] [INFO] default - POST /api/carts/6867ca4d8c0fc88cff3cd394/products/undefined
[2025-07-04T09:34:22.312] [INFO] default - PUT /api/carts/6867ca4d8c0fc88cff3cd394
[2025-07-04T09:36:15.673] [INFO] default - POST /users/register
[2025-07-04T09:36:15.970] [INFO] default - POST /users/login
[2025-07-04T09:36:16.186] [INFO] default - POST /api/products
[2025-07-04T09:36:16.292] [INFO] default - POST /api/carts
[2025-07-04T09:36:16.412] [INFO] default - POST /api/carts
[2025-07-04T09:36:16.517] [INFO] default - GET /api/carts/6867cac038ac6ff0c38ece56
[2025-07-04T09:36:16.678] [INFO] default - POST /api/carts/6867cac038ac6ff0c38ece56/products/undefined
[2025-07-04T09:36:16.808] [INFO] default - PUT /api/carts/6867cac038ac6ff0c38ece56
[2025-07-04T09:37:49.661] [INFO] default - POST /users/register
[2025-07-04T09:37:49.950] [INFO] default - POST /users/login
[2025-07-04T09:37:50.176] [INFO] default - POST /api/products
[2025-07-04T09:37:50.288] [INFO] default - POST /api/carts
[2025-07-04T09:37:50.423] [INFO] default - POST /api/carts
[2025-07-04T09:37:50.530] [INFO] default - GET /api/carts/6867cb1e55cff05757f733f2
[2025-07-04T09:37:50.670] [INFO] default - POST /api/carts/6867cb1e55cff05757f733f2/products/undefined
[2025-07-04T09:37:50.802] [INFO] default - PUT /api/carts/6867cb1e55cff05757f733f2
[2025-07-04T09:40:04.272] [INFO] default - POST /users/register
[2025-07-04T09:40:04.576] [INFO] default - POST /users/login
[2025-07-04T09:40:04.810] [INFO] default - POST /api/products
[2025-07-04T09:40:04.910] [INFO] default - POST /api/carts
[2025-07-04T09:40:05.029] [INFO] default - POST /api/carts
[2025-07-04T09:40:05.128] [INFO] default - GET /api/carts/6867cba5a1497e1dd7ec8e00
[2025-07-04T09:40:05.277] [INFO] default - POST /api/carts/6867cba5a1497e1dd7ec8e00/products/undefined
[2025-07-04T09:46:58.987] [INFO] default - POST /users/register
[2025-07-04T09:46:59.391] [INFO] default - POST /users/login
[2025-07-04T09:46:59.684] [INFO] default - POST /api/products
[2025-07-04T09:46:59.790] [INFO] default - POST /api/carts
[2025-07-04T09:46:59.900] [INFO] default - POST /api/carts
[2025-07-04T09:47:00.021] [INFO] default - GET /api/carts/6867cd43b953a6dfe42d8df9
[2025-07-04T09:47:00.196] [INFO] default - POST /api/carts/6867cd43b953a6dfe42d8df9/products/undefined
[2025-07-04T09:47:00.361] [INFO] default - PUT /api/carts/6867cd43b953a6dfe42d8df9
[2025-07-04T09:51:51.170] [INFO] default - POST /users/register
[2025-07-04T09:51:51.600] [INFO] default - POST /users/login
[2025-07-04T09:51:51.914] [INFO] default - POST /api/products
[2025-07-04T09:51:52.026] [INFO] default - POST /api/carts
[2025-07-04T09:51:52.305] [INFO] default - POST /api/carts
[2025-07-04T09:51:52.434] [INFO] default - GET /api/carts/6867ce68e866f553ea25648c
[2025-07-04T09:51:52.593] [INFO] default - POST /api/carts/6867ce68e866f553ea25648c/products/undefined
[2025-07-04T09:51:52.746] [INFO] default - PUT /api/carts/6867ce68e866f553ea25648c
[2025-07-04T09:55:49.272] [INFO] default - POST /users/register
[2025-07-04T09:55:49.612] [INFO] default - POST /users/login
[2025-07-04T09:55:49.845] [INFO] default - POST /api/products
[2025-07-04T09:55:50.178] [INFO] default - POST /api/carts
[2025-07-04T09:55:50.301] [INFO] default - POST /api/carts
[2025-07-04T09:55:50.403] [INFO] default - GET /api/carts/6867cf56c8a40cdca1474395
[2025-07-04T09:55:50.526] [INFO] default - POST /api/carts/6867cf56c8a40cdca1474395/products/undefined
[2025-07-04T09:55:50.706] [INFO] default - PUT /api/carts/6867cf56c8a40cdca1474395
[2025-07-04T10:03:22.441] [INFO] default - POST /users/register
[2025-07-04T10:03:22.975] [INFO] default - POST /users/login
[2025-07-04T10:03:23.254] [INFO] default - POST /api/products
[2025-07-04T10:03:23.611] [INFO] default - POST /api/carts
[2025-07-04T10:03:23.725] [INFO] default - POST /api/carts
[2025-07-04T10:03:23.830] [INFO] default - GET /api/carts/6867d11b3d9532426c67c5d5
[2025-07-04T10:03:23.970] [INFO] default - POST /api/carts/6867d11b3d9532426c67c5d5/products/undefined
[2025-07-04T10:03:24.133] [INFO] default - PUT /api/carts/6867d11b3d9532426c67c5d5
[2025-07-04T10:11:53.202] [INFO] default - POST /users/register
[2025-07-04T10:11:53.522] [INFO] default - POST /users/login
[2025-07-04T10:11:53.778] [INFO] default - POST /api/products
[2025-07-04T10:11:53.905] [INFO] default - POST /api/carts
[2025-07-04T10:11:54.018] [INFO] default - POST /api/carts
[2025-07-04T10:11:54.137] [INFO] default - GET /api/carts/6867d31a0f35d1f734d6e8c7
[2025-07-04T10:11:54.272] [INFO] default - POST /api/carts/6867d31a0f35d1f734d6e8c7/products/undefined
[2025-07-04T10:11:54.405] [INFO] default - PUT /api/carts/6867d31a0f35d1f734d6e8c7
[2025-07-04T10:27:18.596] [INFO] default - POST /users/register
[2025-07-04T10:27:18.940] [INFO] default - POST /users/login
[2025-07-04T10:27:19.193] [INFO] default - POST /api/products
[2025-07-04T10:27:19.313] [INFO] default - POST /api/carts
[2025-07-04T10:27:19.447] [INFO] default - POST /api/carts
[2025-07-04T10:27:19.584] [INFO] default - GET /api/carts/6867d6b79fedd9c1d1aab46c
[2025-07-04T10:27:19.731] [INFO] default - POST /api/carts/6867d6b79fedd9c1d1aab46c/products/undefined
[2025-07-04T10:27:19.867] [INFO] default - PUT /api/carts/6867d6b79fedd9c1d1aab46c
[2025-07-04T10:35:15.826] [INFO] default - POST /users/register
[2025-07-04T10:35:16.073] [INFO] default - POST /users/login
[2025-07-04T10:36:26.300] [INFO] default - POST /users/register
[2025-07-04T10:36:26.504] [INFO] default - POST /users/login
[2025-07-04T10:36:26.682] [INFO] default - POST /api/carts
[2025-07-04T10:36:26.765] [INFO] default - POST /api/carts
[2025-07-04T10:36:26.844] [INFO] default - GET /api/carts/6867d8dac452690bc8f8d0eb
[2025-07-04T10:36:26.934] [INFO] default - POST /api/carts/6867d8dac452690bc8f8d0eb/products/6867d8dac452690bc8f8d0e6
[2025-07-04T10:36:27.023] [INFO] default - PUT /api/carts/6867d8dac452690bc8f8d0eb
[2025-07-04T10:38:23.324] [INFO] default - POST /users/register
[2025-07-04T10:38:23.572] [INFO] default - POST /users/login
[2025-07-04T10:38:23.811] [INFO] default - POST /api/carts
[2025-07-04T10:38:23.901] [INFO] default - POST /api/carts
[2025-07-04T10:38:23.975] [INFO] default - GET /api/carts/6867d94ffa827b869d3c3790
[2025-07-04T10:38:24.074] [INFO] default - POST /api/carts/6867d94ffa827b869d3c3790/products/6867d94ffa827b869d3c378b
[2025-07-04T10:38:24.256] [INFO] default - PUT /api/carts/6867d94ffa827b869d3c3790
[2025-07-04T10:38:24.349] [INFO] default - PUT /api/carts/6867d94ffa827b869d3c3790/products/6867d94ffa827b869d3c378b
[2025-07-04T10:42:25.080] [INFO] default - POST /users/register
[2025-07-04T10:42:25.357] [INFO] default - POST /users/login
[2025-07-04T10:42:25.561] [INFO] default - POST /api/carts
[2025-07-04T10:42:25.653] [INFO] default - POST /api/carts
[2025-07-04T10:42:25.735] [INFO] default - GET /api/carts/6867da41d5406ad67f9ba8ed
[2025-07-04T10:42:25.833] [INFO] default - POST /api/carts/6867da41d5406ad67f9ba8ed/products/6867da41d5406ad67f9ba8e8
[2025-07-04T10:42:25.924] [INFO] default - PUT /api/carts/6867da41d5406ad67f9ba8ed
[2025-07-04T10:42:26.017] [INFO] default - PUT /api/carts/6867da41d5406ad67f9ba8ed/products/6867da41d5406ad67f9ba8e8
[2025-07-04T10:47:38.665] [INFO] default - POST /users/register
[2025-07-04T10:47:38.897] [INFO] default - POST /users/login
[2025-07-04T10:47:39.092] [INFO] default - POST /api/carts
[2025-07-04T10:47:39.175] [INFO] default - POST /api/carts
[2025-07-04T10:47:39.266] [INFO] default - GET /api/carts/6867db7bf0f95a034052bf84
[2025-07-04T10:47:39.350] [INFO] default - POST /api/carts/6867db7bf0f95a034052bf84/products/6867db7bf0f95a034052bf7f
[2025-07-04T10:47:39.435] [INFO] default - PUT /api/carts/6867db7bf0f95a034052bf84
[2025-07-04T10:47:39.508] [INFO] default - PUT /api/carts/6867db7bf0f95a034052bf84/products/6867db7bf0f95a034052bf7f
[2025-07-04T10:58:06.885] [INFO] default - POST /users/register
[2025-07-04T10:58:07.183] [INFO] default - POST /users/login
[2025-07-04T10:58:07.382] [INFO] default - POST /api/carts
[2025-07-04T10:58:07.471] [INFO] default - POST /api/carts
[2025-07-04T10:58:07.571] [INFO] default - GET /api/carts/6867ddefc5daa95ea28e7cc4
[2025-07-04T10:58:07.660] [INFO] default - POST /api/carts/6867ddefc5daa95ea28e7cc4/products/6867ddefc5daa95ea28e7cbf
[2025-07-04T10:58:07.739] [INFO] default - PUT /api/carts/6867ddefc5daa95ea28e7cc4
[2025-07-04T10:58:07.814] [INFO] default - PUT /api/carts/6867ddefc5daa95ea28e7cc4/products/6867ddefc5daa95ea28e7cbf
[2025-07-04T10:58:07.901] [INFO] default - POST /api/carts/6867ddefc5daa95ea28e7cc4/purchase
[2025-07-04T11:05:46.099] [INFO] default - POST /users/register
[2025-07-04T11:05:46.362] [INFO] default - POST /users/login
[2025-07-04T11:05:46.542] [INFO] default - POST /api/carts
[2025-07-04T11:05:46.641] [INFO] default - POST /api/carts
[2025-07-04T11:05:46.712] [INFO] default - GET /api/carts/6867dfba95a66b76ccb92459
[2025-07-04T11:05:46.799] [INFO] default - POST /api/carts/6867dfba95a66b76ccb92459/products/6867dfba95a66b76ccb92454
[2025-07-04T11:05:46.889] [INFO] default - PUT /api/carts/6867dfba95a66b76ccb92459
[2025-07-04T11:05:46.970] [INFO] default - PUT /api/carts/6867dfba95a66b76ccb92459/products/6867dfba95a66b76ccb92454
[2025-07-04T11:05:47.049] [INFO] default - GET /api/carts/6867dfba95a66b76ccb92459
[2025-07-04T11:05:47.233] [INFO] default - POST /api/carts/6867dfba95a66b76ccb92459/purchase
[2025-07-04T11:40:49.005] [INFO] default - POST /users/register
[2025-07-04T11:40:49.280] [INFO] default - POST /users/login
[2025-07-04T11:40:49.461] [INFO] default - POST /api/carts
[2025-07-04T11:40:49.559] [INFO] default - POST /api/carts
[2025-07-04T11:40:49.633] [INFO] default - GET /api/carts/6867e7f1dbf967872c2736ae
[2025-07-04T11:40:49.721] [INFO] default - POST /api/carts/6867e7f1dbf967872c2736ae/products/6867e7f1dbf967872c2736a9
[2025-07-04T11:40:49.804] [INFO] default - PUT /api/carts/6867e7f1dbf967872c2736ae
[2025-07-04T11:40:49.905] [INFO] default - PUT /api/carts/6867e7f1dbf967872c2736ae/products/6867e7f1dbf967872c2736a9
[2025-07-04T11:40:49.988] [INFO] default - DELETE /api/carts/6867e7f1dbf967872c2736ae
[2025-07-04T11:42:05.775] [INFO] default - POST /users/register
[2025-07-04T11:42:05.998] [INFO] default - POST /users/login
[2025-07-04T11:42:06.175] [INFO] default - POST /api/carts
[2025-07-04T11:42:06.265] [INFO] default - POST /api/carts
[2025-07-04T11:42:06.349] [INFO] default - GET /api/carts/6867e83e031ff36cbfe450cf
[2025-07-04T11:42:06.432] [INFO] default - POST /api/carts/6867e83e031ff36cbfe450cf/products/6867e83e031ff36cbfe450ca
[2025-07-04T11:42:06.511] [INFO] default - PUT /api/carts/6867e83e031ff36cbfe450cf
[2025-07-04T11:42:06.582] [INFO] default - PUT /api/carts/6867e83e031ff36cbfe450cf/products/6867e83e031ff36cbfe450ca
[2025-07-04T11:42:06.665] [INFO] default - DELETE /api/carts/6867e83e031ff36cbfe450cf
[2025-07-04T11:43:38.922] [INFO] default - POST /users/register
[2025-07-04T11:43:39.143] [INFO] default - POST /users/login
[2025-07-04T11:43:39.295] [INFO] default - POST /api/carts
[2025-07-04T11:43:39.378] [INFO] default - POST /api/carts
[2025-07-04T11:43:39.471] [INFO] default - GET /api/carts/6867e89b112982aac96fbfe2
[2025-07-04T11:43:39.552] [INFO] default - POST /api/carts/6867e89b112982aac96fbfe2/products/6867e89b112982aac96fbfdd
[2025-07-04T11:43:39.632] [INFO] default - PUT /api/carts/6867e89b112982aac96fbfe2
[2025-07-04T11:43:39.735] [INFO] default - PUT /api/carts/6867e89b112982aac96fbfe2/products/6867e89b112982aac96fbfdd
[2025-07-04T11:43:39.813] [INFO] default - DELETE /api/carts/6867e89b112982aac96fbfe2
[2025-07-04T11:47:27.792] [INFO] default - POST /users/register
[2025-07-04T11:47:28.000] [INFO] default - POST /users/login
[2025-07-04T11:47:28.188] [INFO] default - POST /api/carts
[2025-07-04T11:47:28.277] [INFO] default - POST /api/carts
[2025-07-04T11:47:28.362] [INFO] default - GET /api/carts/6867e980c4dc4d56270db212
[2025-07-04T11:47:28.447] [INFO] default - POST /api/carts/6867e980c4dc4d56270db212/products/6867e980c4dc4d56270db20d
[2025-07-04T11:47:28.523] [INFO] default - PUT /api/carts/6867e980c4dc4d56270db212
[2025-07-04T11:47:28.610] [INFO] default - PUT /api/carts/6867e980c4dc4d56270db212/products/6867e980c4dc4d56270db20d
[2025-07-04T11:47:28.688] [INFO] default - DELETE /api/carts/6867e980c4dc4d56270db212
[2025-07-04T11:47:28.759] [INFO] default - DELETE /api/carts/6867e980c4dc4d56270db212/products/6867e980c4dc4d56270db20d
[2025-07-04T11:49:14.111] [INFO] default - POST /users/register
[2025-07-04T11:49:14.336] [INFO] default - POST /users/login
[2025-07-04T11:49:14.505] [INFO] default - POST /api/carts
[2025-07-04T11:49:14.586] [INFO] default - POST /api/carts
[2025-07-04T11:49:14.664] [INFO] default - GET /api/carts/6867e9ea6b95c8cf9c9e6e64
[2025-07-04T11:49:14.748] [INFO] default - POST /api/carts/6867e9ea6b95c8cf9c9e6e64/products/6867e9ea6b95c8cf9c9e6e5f
[2025-07-04T11:49:14.827] [INFO] default - PUT /api/carts/6867e9ea6b95c8cf9c9e6e64
[2025-07-04T11:49:14.906] [INFO] default - PUT /api/carts/6867e9ea6b95c8cf9c9e6e64/products/6867e9ea6b95c8cf9c9e6e5f
[2025-07-04T11:49:14.980] [INFO] default - GET /api/carts/6867e9ea6b95c8cf9c9e6e64
[2025-07-04T11:49:15.104] [INFO] default - POST /api/carts/6867e9ea6b95c8cf9c9e6e64/purchase
[2025-07-04T11:49:15.200] [INFO] default - DELETE /api/carts/6867e9ea6b95c8cf9c9e6e64
[2025-07-04T11:54:05.227] [INFO] default - POST /users/register
[2025-07-04T11:54:05.475] [INFO] default - POST /users/login
[2025-07-04T11:54:05.647] [INFO] default - POST /api/carts
[2025-07-04T11:54:05.745] [INFO] default - POST /api/carts
[2025-07-04T11:54:05.820] [INFO] default - GET /api/carts/6867eb0df54d518a632885c4
[2025-07-04T11:54:05.907] [INFO] default - POST /api/carts/6867eb0df54d518a632885c4/products/6867eb0df54d518a632885bf
[2025-07-04T11:54:05.999] [INFO] default - PUT /api/carts/6867eb0df54d518a632885c4
[2025-07-04T11:54:06.102] [INFO] default - PUT /api/carts/6867eb0df54d518a632885c4/products/6867eb0df54d518a632885bf
[2025-07-04T11:54:06.196] [INFO] default - GET /api/carts/6867eb0df54d518a632885c4
[2025-07-04T11:54:06.339] [INFO] default - POST /api/carts/6867eb0df54d518a632885c4/purchase
[2025-07-04T11:54:06.453] [INFO] default - DELETE /api/carts/6867eb0df54d518a632885c4
[2025-07-04T12:04:27.927] [INFO] default - POST /users/register
[2025-07-04T12:04:28.152] [INFO] default - POST /users/login
[2025-07-04T12:04:28.323] [INFO] default - POST /api/carts
[2025-07-04T12:04:28.406] [INFO] default - POST /api/carts
[2025-07-04T12:04:28.475] [INFO] default - GET /api/carts/6867ed7ccc8802564de1db1e
[2025-07-04T12:04:28.561] [INFO] default - POST /api/carts/6867ed7ccc8802564de1db1e/products/6867ed7ccc8802564de1db19
[2025-07-04T12:04:28.663] [INFO] default - PUT /api/carts/6867ed7ccc8802564de1db1e
[2025-07-04T12:04:28.753] [INFO] default - PUT /api/carts/6867ed7ccc8802564de1db1e/products/6867ed7ccc8802564de1db19
[2025-07-04T12:04:28.829] [INFO] default - GET /api/carts/6867ed7ccc8802564de1db1e
[2025-07-04T12:04:29.049] [INFO] default - POST /api/carts/6867ed7ccc8802564de1db1e/purchase
[2025-07-04T12:04:29.189] [INFO] default - DELETE /api/carts/6867ed7ccc8802564de1db1e
[2025-07-04T12:08:42.535] [INFO] default - POST /users/register
[2025-07-04T12:08:42.805] [INFO] default - POST /users/login
[2025-07-04T12:08:43.018] [INFO] default - POST /api/carts
[2025-07-04T12:08:43.105] [INFO] default - POST /api/carts
[2025-07-04T12:08:43.183] [INFO] default - GET /api/carts/6867ee7bfcfb6741974b1d75
[2025-07-04T12:08:43.307] [INFO] default - POST /api/carts/6867ee7bfcfb6741974b1d75/products/6867ee7bfcfb6741974b1d70
[2025-07-04T12:08:43.390] [INFO] default - PUT /api/carts/6867ee7bfcfb6741974b1d75
[2025-07-04T12:08:43.471] [INFO] default - PUT /api/carts/6867ee7bfcfb6741974b1d75/products/6867ee7bfcfb6741974b1d70
[2025-07-04T12:08:43.551] [INFO] default - GET /api/carts/6867ee7bfcfb6741974b1d75
[2025-07-04T12:08:43.668] [INFO] default - POST /api/carts/6867ee7bfcfb6741974b1d75/purchase
[2025-07-04T12:08:43.757] [INFO] default - DELETE /api/carts/6867ee7bfcfb6741974b1d75
[2025-07-04T12:15:08.886] [INFO] default - POST /users/register
[2025-07-04T12:15:09.116] [INFO] default - POST /users/login
[2025-07-04T12:15:09.285] [INFO] default - POST /api/carts
[2025-07-04T12:15:09.368] [INFO] default - POST /api/carts
[2025-07-04T12:15:09.447] [INFO] default - GET /api/carts/6867effd3fd5b49a292de200
[2025-07-04T12:15:09.570] [INFO] default - POST /api/carts/6867effd3fd5b49a292de200/products/6867effd3fd5b49a292de1fb
[2025-07-04T12:15:09.657] [INFO] default - PUT /api/carts/6867effd3fd5b49a292de200
[2025-07-04T12:15:09.737] [INFO] default - PUT /api/carts/6867effd3fd5b49a292de200/products/6867effd3fd5b49a292de1fb
[2025-07-04T12:15:09.812] [INFO] default - GET /api/carts/6867effd3fd5b49a292de200
[2025-07-04T12:15:09.936] [INFO] default - POST /api/carts/6867effd3fd5b49a292de200/purchase
[2025-07-04T12:15:10.050] [INFO] default - DELETE /api/carts/6867effd3fd5b49a292de200
[2025-07-04T12:17:26.994] [INFO] default - POST /users/register
[2025-07-04T12:17:27.204] [INFO] default - POST /users/login
[2025-07-04T12:17:27.376] [INFO] default - POST /api/carts
[2025-07-04T12:17:27.455] [INFO] default - POST /api/carts
[2025-07-04T12:17:27.530] [INFO] default - GET /api/carts/6867f087c4517dc89df39548
[2025-07-04T12:17:27.661] [INFO] default - POST /api/carts/6867f087c4517dc89df39548/products/6867f087c4517dc89df39543
[2025-07-04T12:17:27.746] [INFO] default - PUT /api/carts/6867f087c4517dc89df39548
[2025-07-04T12:17:27.828] [INFO] default - PUT /api/carts/6867f087c4517dc89df39548/products/6867f087c4517dc89df39543
[2025-07-04T12:17:27.900] [INFO] default - GET /api/carts/6867f087c4517dc89df39548
[2025-07-04T12:17:28.010] [INFO] default - POST /api/carts/6867f087c4517dc89df39548/purchase
[2025-07-04T12:17:28.140] [INFO] default - DELETE /api/carts/6867f087c4517dc89df39548
[2025-07-04T12:38:21.179] [INFO] default - POST /users/register
[2025-07-04T12:38:21.432] [INFO] default - POST /users/login
[2025-07-04T12:38:54.165] [INFO] default - POST /users/register
[2025-07-04T12:38:54.383] [INFO] default - POST /users/login
[2025-07-04T12:41:29.863] [INFO] default - POST /users/register
[2025-07-04T12:41:30.086] [INFO] default - POST /users/login
[2025-07-04T12:53:08.217] [INFO] default - POST /users/register
[2025-07-04T12:53:08.470] [INFO] default - POST /users/login
[2025-07-04T12:53:08.672] [INFO] default - POST /api/carts
[2025-07-04T12:53:08.757] [INFO] default - POST /api/carts
[2025-07-04T12:53:08.839] [INFO] default - GET /api/carts/6867f8e43b7ad8bee450967b
[2025-07-04T12:53:08.971] [INFO] default - POST /api/carts/6867f8e43b7ad8bee450967b/products/6867f8e43b7ad8bee4509676
[2025-07-04T12:53:09.050] [INFO] default - PUT /api/carts/6867f8e43b7ad8bee450967b
[2025-07-04T12:53:09.127] [INFO] default - PUT /api/carts/6867f8e43b7ad8bee450967b/products/6867f8e43b7ad8bee4509676
[2025-07-04T12:53:09.209] [INFO] default - GET /api/carts/6867f8e43b7ad8bee450967b
[2025-07-04T12:53:09.310] [INFO] default - POST /api/carts/6867f8e43b7ad8bee450967b/purchase
[2025-07-04T12:53:09.427] [INFO] default - DELETE /api/carts/6867f8e43b7ad8bee450967b
